<?xml version="1.0" encoding="UTF-8"?>
<testsuite name="com.mercadolivro.controller.CustomerControllerTest" tests="1" skipped="0" failures="0" errors="0" timestamp="2024-03-06T05:19:10" hostname="DESKTOP-851KFAK" time="0.751">
  <properties/>
  <testcase name="should return not found when update customer does not exist()" classname="com.mercadolivro.controller.CustomerControllerTest" time="0.751"/>
  <system-out><![CDATA[02:19:02.145 [Test worker] DEBUG org.springframework.test.context.BootstrapUtils - Instantiating CacheAwareContextLoaderDelegate from class [org.springframework.test.context.cache.DefaultCacheAwareContextLoaderDelegate]
02:19:02.174 [Test worker] DEBUG org.springframework.test.context.BootstrapUtils - Instantiating BootstrapContext using constructor [public org.springframework.test.context.support.DefaultBootstrapContext(java.lang.Class,org.springframework.test.context.CacheAwareContextLoaderDelegate)]
02:19:02.259 [Test worker] DEBUG org.springframework.test.context.BootstrapUtils - Instantiating TestContextBootstrapper for test class [com.mercadolivro.controller.CustomerControllerTest] from class [org.springframework.boot.test.context.SpringBootTestContextBootstrapper]
02:19:02.290 [Test worker] DEBUG org.springframework.test.context.support.AbstractContextLoader - Did not detect default resource location for test class [com.mercadolivro.controller.CustomerControllerTest]: class path resource [com/mercadolivro/controller/CustomerControllerTest-context.xml] does not exist
02:19:02.291 [Test worker] DEBUG org.springframework.test.context.support.AbstractContextLoader - Did not detect default resource location for test class [com.mercadolivro.controller.CustomerControllerTest]: class path resource [com/mercadolivro/controller/CustomerControllerTestContext.groovy] does not exist
02:19:02.291 [Test worker] INFO org.springframework.test.context.support.AbstractContextLoader - Could not detect default resource locations for test class [com.mercadolivro.controller.CustomerControllerTest]: no resource found for suffixes {-context.xml, Context.groovy}.
02:19:02.292 [Test worker] INFO org.springframework.test.context.support.AnnotationConfigContextLoaderUtils - Could not detect default configuration classes for test class [com.mercadolivro.controller.CustomerControllerTest]: CustomerControllerTest does not declare any static, non-private, non-final, nested classes annotated with @Configuration.
02:19:02.486 [Test worker] DEBUG org.springframework.context.annotation.ClassPathScanningCandidateComponentProvider - Identified candidate component class: file [D:\IntelliJ Workspace\mercado-livro\build\classes\kotlin\main\com\mercadolivro\MercadolivroApplication.class]
02:19:02.488 [Test worker] INFO org.springframework.boot.test.context.SpringBootTestContextBootstrapper - Found @SpringBootConfiguration com.mercadolivro.MercadolivroApplication for test class com.mercadolivro.controller.CustomerControllerTest
02:19:02.627 [Test worker] DEBUG org.springframework.boot.test.context.SpringBootTestContextBootstrapper - @TestExecutionListeners is not present for class [com.mercadolivro.controller.CustomerControllerTest]: using defaults.
02:19:02.628 [Test worker] INFO org.springframework.boot.test.context.SpringBootTestContextBootstrapper - Loaded default TestExecutionListener class names from location [META-INF/spring.factories]: [org.springframework.security.test.context.support.WithSecurityContextTestExecutionListener, org.springframework.security.test.context.support.ReactorContextTestExecutionListener, org.springframework.boot.test.autoconfigure.restdocs.RestDocsTestExecutionListener, org.springframework.boot.test.autoconfigure.web.client.MockRestServiceServerResetTestExecutionListener, org.springframework.boot.test.autoconfigure.web.servlet.MockMvcPrintOnlyOnFailureTestExecutionListener, org.springframework.boot.test.autoconfigure.web.servlet.WebDriverTestExecutionListener, org.springframework.boot.test.autoconfigure.webservices.client.MockWebServiceServerTestExecutionListener, org.springframework.boot.test.mock.mockito.MockitoTestExecutionListener, org.springframework.boot.test.mock.mockito.ResetMocksTestExecutionListener, org.springframework.test.context.web.ServletTestExecutionListener, org.springframework.test.context.support.DirtiesContextBeforeModesTestExecutionListener, org.springframework.test.context.event.ApplicationEventsTestExecutionListener, org.springframework.test.context.support.DependencyInjectionTestExecutionListener, org.springframework.test.context.support.DirtiesContextTestExecutionListener, org.springframework.test.context.transaction.TransactionalTestExecutionListener, org.springframework.test.context.jdbc.SqlScriptsTestExecutionListener, org.springframework.test.context.event.EventPublishingTestExecutionListener]
02:19:02.655 [Test worker] INFO org.springframework.boot.test.context.SpringBootTestContextBootstrapper - Using TestExecutionListeners: [org.springframework.test.context.web.ServletTestExecutionListener@67e9fec4, org.springframework.test.context.support.DirtiesContextBeforeModesTestExecutionListener@6a2e0e28, org.springframework.test.context.event.ApplicationEventsTestExecutionListener@10106730, org.springframework.boot.test.mock.mockito.MockitoTestExecutionListener@7f5fbc01, org.springframework.boot.test.autoconfigure.SpringBootDependencyInjectionTestExecutionListener@576872f0, org.springframework.test.context.support.DirtiesContextTestExecutionListener@4dad697b, org.springframework.test.context.transaction.TransactionalTestExecutionListener@5e17be19, org.springframework.test.context.jdbc.SqlScriptsTestExecutionListener@5c2abe6e, org.springframework.security.test.context.support.WithSecurityContextTestExecutionListener@48c1a8e9, org.springframework.test.context.event.EventPublishingTestExecutionListener@6e81e63b, org.springframework.security.test.context.support.ReactorContextTestExecutionListener@d857a84, org.springframework.boot.test.autoconfigure.restdocs.RestDocsTestExecutionListener@4d57c94, org.springframework.boot.test.autoconfigure.web.client.MockRestServiceServerResetTestExecutionListener@41961a07, org.springframework.boot.test.autoconfigure.web.servlet.MockMvcPrintOnlyOnFailureTestExecutionListener@20478c30, org.springframework.boot.test.autoconfigure.web.servlet.WebDriverTestExecutionListener@6b093e6, org.springframework.boot.test.autoconfigure.webservices.client.MockWebServiceServerTestExecutionListener@292e7e78, org.springframework.boot.test.mock.mockito.ResetMocksTestExecutionListener@58190f78]
02:19:02.662 [Test worker] DEBUG org.springframework.test.context.support.AbstractDirtiesContextTestExecutionListener - Before test class: context [DefaultTestContext@2d2d7342 testClass = CustomerControllerTest, testInstance = [null], testMethod = [null], testException = [null], mergedContextConfiguration = [WebMergedContextConfiguration@68a53fd2 testClass = CustomerControllerTest, locations = '{}', classes = '{class com.mercadolivro.MercadolivroApplication}', contextInitializerClasses = '[]', activeProfiles = '{test}', propertySourceLocations = '{}', propertySourceProperties = '{org.springframework.boot.test.context.SpringBootTestContextBootstrapper=true}', contextCustomizers = set[org.springframework.boot.test.autoconfigure.actuate.metrics.MetricsExportContextCustomizerFactory$DisableMetricExportContextCustomizer@74702a6b, org.springframework.boot.test.autoconfigure.properties.PropertyMappingContextCustomizer@4b3fa0b3, org.springframework.boot.test.autoconfigure.web.servlet.WebDriverContextCustomizerFactory$Customizer@614579b4, [ImportsContextCustomizer@16d813ef key = [org.springframework.boot.test.autoconfigure.web.servlet.MockMvcAutoConfiguration, org.springframework.boot.test.autoconfigure.web.servlet.MockMvcWebClientAutoConfiguration, org.springframework.boot.test.autoconfigure.web.servlet.MockMvcWebDriverAutoConfiguration, org.springframework.boot.autoconfigure.security.oauth2.client.servlet.OAuth2ClientAutoConfiguration, org.springframework.boot.autoconfigure.security.oauth2.resource.servlet.OAuth2ResourceServerAutoConfiguration, org.springframework.boot.autoconfigure.security.servlet.SecurityAutoConfiguration, org.springframework.boot.autoconfigure.security.servlet.SecurityFilterAutoConfiguration, org.springframework.boot.autoconfigure.security.servlet.UserDetailsServiceAutoConfiguration, org.springframework.boot.test.autoconfigure.web.servlet.MockMvcSecurityConfiguration]], org.springframework.boot.test.context.filter.ExcludeFilterContextCustomizer@31ee5430, org.springframework.boot.test.json.DuplicateJsonObjectContextCustomizerFactory$DuplicateJsonObjectContextCustomizer@5147f80e, org.springframework.boot.test.mock.mockito.MockitoContextCustomizer@0, org.springframework.boot.test.web.client.TestRestTemplateContextCustomizer@63e243fc, org.springframework.boot.test.context.SpringBootTestArgs@1, org.springframework.boot.test.context.SpringBootTestWebEnvironment@59fa189a], resourceBasePath = 'src/main/webapp', contextLoader = 'org.springframework.boot.test.context.SpringBootContextLoader', parent = [null]], attributes = map['org.springframework.test.context.web.ServletTestExecutionListener.activateListener' -> true]], class annotated with @DirtiesContext [false] with mode [null].
02:19:02.700 [Test worker] DEBUG org.springframework.core.env.StandardEnvironment - Activating profiles [test]
02:19:02.707 [Test worker] DEBUG org.springframework.test.context.support.TestPropertySourceUtils - Adding inlined properties to environment: {spring.jmx.enabled=false, org.springframework.boot.test.context.SpringBootTestContextBootstrapper=true}

  .   ____          _            __ _ _
 /\\ / ___'_ __ _ _(_)_ __  __ _ \ \ \ \
( ( )\___ | '_ | '_| | '_ \/ _` | \ \ \ \
 \\/  ___)| |_)| | | | | || (_| |  ) ) ) )
  '  |____| .__|_| |_|_| |_\__, | / / / /
 =========|_|==============|___/=/_/_/_/
 :: Spring Boot ::                (v2.4.3)

2024-03-06 02:19:03.165  INFO 11728 --- [    Test worker] c.m.controller.CustomerControllerTest    : Starting CustomerControllerTest using Java 11.0.22 on DESKTOP-851KFAK with PID 11728 (started by Luiz in D:\IntelliJ Workspace\mercado-livro)
2024-03-06 02:19:03.167  INFO 11728 --- [    Test worker] c.m.controller.CustomerControllerTest    : The following profiles are active: test
2024-03-06 02:19:04.997  INFO 11728 --- [    Test worker] .s.d.r.c.RepositoryConfigurationDelegate : Bootstrapping Spring Data JPA repositories in DEFAULT mode.
2024-03-06 02:19:05.083  INFO 11728 --- [    Test worker] .s.d.r.c.RepositoryConfigurationDelegate : Finished Spring Data repository scanning in 77 ms. Found 3 JPA repository interfaces.
2024-03-06 02:19:05.668  INFO 11728 --- [    Test worker] trationDelegate$BeanPostProcessorChecker : Bean 'org.springframework.security.access.expression.method.DefaultMethodSecurityExpressionHandler@6125c4ea' of type [org.springframework.security.access.expression.method.DefaultMethodSecurityExpressionHandler] is not eligible for getting processed by all BeanPostProcessors (for example: not eligible for auto-proxying)
2024-03-06 02:19:05.683  INFO 11728 --- [    Test worker] trationDelegate$BeanPostProcessorChecker : Bean 'methodSecurityMetadataSource' of type [org.springframework.security.access.method.DelegatingMethodSecurityMetadataSource] is not eligible for getting processed by all BeanPostProcessors (for example: not eligible for auto-proxying)
2024-03-06 02:19:05.930  INFO 11728 --- [    Test worker] o.f.c.internal.license.VersionPrinter    : Flyway Community Edition 7.7.0 by Redgate
2024-03-06 02:19:05.952  INFO 11728 --- [    Test worker] com.zaxxer.hikari.HikariDataSource       : HikariPool-1 - Starting...
2024-03-06 02:19:06.366  INFO 11728 --- [    Test worker] com.zaxxer.hikari.HikariDataSource       : HikariPool-1 - Start completed.
2024-03-06 02:19:06.441  INFO 11728 --- [    Test worker] o.f.c.i.database.base.DatabaseType       : Database: jdbc:mysql://localhost:3306/mercadolivrotest (MySQL 8.0)
2024-03-06 02:19:06.505  INFO 11728 --- [    Test worker] o.f.core.internal.command.DbValidate     : Successfully validated 6 migrations (execution time 00:00.036s)
2024-03-06 02:19:06.525  INFO 11728 --- [    Test worker] o.f.core.internal.command.DbMigrate      : Current version of schema `mercadolivrotest`: 6
2024-03-06 02:19:06.527  INFO 11728 --- [    Test worker] o.f.core.internal.command.DbMigrate      : Schema `mercadolivrotest` is up to date. No migration necessary.
2024-03-06 02:19:06.665  INFO 11728 --- [    Test worker] o.hibernate.jpa.internal.util.LogHelper  : HHH000204: Processing PersistenceUnitInfo [name: default]
2024-03-06 02:19:06.747  INFO 11728 --- [    Test worker] org.hibernate.Version                    : HHH000412: Hibernate ORM core version 5.4.28.Final
2024-03-06 02:19:06.940  INFO 11728 --- [    Test worker] o.hibernate.annotations.common.Version   : HCANN000001: Hibernate Commons Annotations {5.1.2.Final}
2024-03-06 02:19:07.122  INFO 11728 --- [    Test worker] org.hibernate.dialect.Dialect            : HHH000400: Using dialect: org.hibernate.dialect.MySQL8Dialect
2024-03-06 02:19:07.809  INFO 11728 --- [    Test worker] o.h.e.t.j.p.i.JtaPlatformInitiator       : HHH000490: Using JtaPlatform implementation: [org.hibernate.engine.transaction.jta.platform.internal.NoJtaPlatform]
2024-03-06 02:19:07.821  INFO 11728 --- [    Test worker] j.LocalContainerEntityManagerFactoryBean : Initialized JPA EntityManagerFactory for persistence unit 'default'
2024-03-06 02:19:08.360  WARN 11728 --- [    Test worker] JpaBaseConfiguration$JpaWebConfiguration : spring.jpa.open-in-view is enabled by default. Therefore, database queries may be performed during view rendering. Explicitly configure spring.jpa.open-in-view to disable this warning
2024-03-06 02:19:09.391  INFO 11728 --- [    Test worker] o.s.s.web.DefaultSecurityFilterChain     : Will secure Ant [pattern='/v2/api-docs'] with []
2024-03-06 02:19:09.391  INFO 11728 --- [    Test worker] o.s.s.web.DefaultSecurityFilterChain     : Will secure Ant [pattern='/configuration/ui'] with []
2024-03-06 02:19:09.391  INFO 11728 --- [    Test worker] o.s.s.web.DefaultSecurityFilterChain     : Will secure Ant [pattern='/swagger-resources/**'] with []
2024-03-06 02:19:09.391  INFO 11728 --- [    Test worker] o.s.s.web.DefaultSecurityFilterChain     : Will secure Ant [pattern='/configuration/**'] with []
2024-03-06 02:19:09.391  INFO 11728 --- [    Test worker] o.s.s.web.DefaultSecurityFilterChain     : Will secure Ant [pattern='/swagger-ui.html'] with []
2024-03-06 02:19:09.391  INFO 11728 --- [    Test worker] o.s.s.web.DefaultSecurityFilterChain     : Will secure Ant [pattern='/webjars/**'] with []
2024-03-06 02:19:09.506  INFO 11728 --- [    Test worker] pertySourcedRequestMappingHandlerMapping : Mapped URL path [/v2/api-docs] onto method [springfox.documentation.swagger2.web.Swagger2Controller#getDocumentation(String, HttpServletRequest)]
2024-03-06 02:19:09.734  INFO 11728 --- [    Test worker] o.s.s.web.DefaultSecurityFilterChain     : Will secure any request with [org.springframework.security.web.context.request.async.WebAsyncManagerIntegrationFilter@1680f9ac, org.springframework.security.web.context.SecurityContextPersistenceFilter@5a0b376b, org.springframework.security.web.header.HeaderWriterFilter@6c8794fa, org.springframework.web.filter.CorsFilter@59755ce1, org.springframework.security.web.authentication.logout.LogoutFilter@1ad5d0d9, com.mercadolivro.security.AuthenticationFilter@71b2d0f1, com.mercadolivro.security.AuthorizationFilter@138bb3d1, org.springframework.security.web.savedrequest.RequestCacheAwareFilter@759a0ca, org.springframework.security.web.servletapi.SecurityContextHolderAwareRequestFilter@63910512, org.springframework.security.web.authentication.AnonymousAuthenticationFilter@2577595, org.springframework.security.web.session.SessionManagementFilter@bd0a064, org.springframework.security.web.access.ExceptionTranslationFilter@57923e66, org.springframework.security.web.access.intercept.FilterSecurityInterceptor@5f520d10]
2024-03-06 02:19:09.975  INFO 11728 --- [    Test worker] o.s.s.concurrent.ThreadPoolTaskExecutor  : Initializing ExecutorService 'applicationTaskExecutor'
2024-03-06 02:19:10.325  INFO 11728 --- [    Test worker] o.s.b.t.m.w.SpringBootMockServletContext : Initializing Spring TestDispatcherServlet ''
2024-03-06 02:19:10.325  INFO 11728 --- [    Test worker] o.s.t.web.servlet.TestDispatcherServlet  : Initializing Servlet ''
2024-03-06 02:19:10.326  INFO 11728 --- [    Test worker] o.s.t.web.servlet.TestDispatcherServlet  : Completed initialization in 1 ms
2024-03-06 02:19:10.348  INFO 11728 --- [    Test worker] d.s.w.p.DocumentationPluginsBootstrapper : Context refreshed
2024-03-06 02:19:10.375  INFO 11728 --- [    Test worker] d.s.w.p.DocumentationPluginsBootstrapper : Found 1 custom documentation plugin(s)
2024-03-06 02:19:10.432  INFO 11728 --- [    Test worker] s.d.s.w.s.ApiListingReferenceScanner     : Scanning for api listing references
2024-03-06 02:19:10.701  INFO 11728 --- [    Test worker] .d.s.w.r.o.CachingOperationNameGenerator : Generating unique operation named: createUsingPOST_1
2024-03-06 02:19:10.703  INFO 11728 --- [    Test worker] .d.s.w.r.o.CachingOperationNameGenerator : Generating unique operation named: deleteUsingDELETE_1
2024-03-06 02:19:10.721  INFO 11728 --- [    Test worker] .d.s.w.r.o.CachingOperationNameGenerator : Generating unique operation named: updateUsingPUT_1
2024-03-06 02:19:10.753  INFO 11728 --- [    Test worker] c.m.controller.CustomerControllerTest    : Started CustomerControllerTest in 8.038 seconds (JVM running for 10.008)
]]></system-out>
  <system-err><![CDATA[]]></system-err>
</testsuite>
